# JRE version: Java(TM) SE Runtime Environment (17.0.12+8) (build 17.0.12+8-LTS-286)
# Java VM: Java HotSpot(TM) 64-Bit Server VM (17.0.12+8-LTS-286, mixed mode, emulated-client, sharing, tiered, compressed oops, compressed class ptrs, g1 gc, windows-amd64)
GC Precious Log:
 CPUs: 20 total, 20 available
 Memory: 16072M
 Large Page Support: Disabled
 NUMA Support: Disabled
 Compressed Oops: Enabled (Zero based)
 Heap Region Size: 2M
 Heap Min Capacity: 8M
 Heap Initial Capacity: 252M
 Heap Max Capacity: 4020M
 Pre-touch: Disabled
 Parallel Workers: 15
 Concurrent Workers: 4
 Concurrent Refinement Workers: 15
 Periodic GC: Disabled
Heap:
 garbage-first heap   total 587776K, used 471742K [0x0000000704c00000, 0x0000000800000000)
  region size 2048K, 168 young (344064K), 21 survivors (43008K)
 Metaspace       used 104154K, committed 104832K, reserved 1179648K
  class space    used 13672K, committed 14016K, reserved 1048576K
GC Heap History (20 events):
Event: 5.630 GC heap after
{Heap after GC invocations=25 (full 0):
 garbage-first heap   total 284672K, used 129283K [0x0000000704c00000, 0x0000000800000000)
  region size 2048K, 2 young (4096K), 2 survivors (4096K)
 Metaspace       used 82085K, committed 82688K, reserved 1179648K
  class space    used 10590K, committed 10880K, reserved 1048576K
}
Event: 5.802 GC heap before
{Heap before GC invocations=25 (full 0):
 garbage-first heap   total 284672K, used 227587K [0x0000000704c00000, 0x0000000800000000)
  region size 2048K, 50 young (102400K), 2 survivors (4096K)
 Metaspace       used 82881K, committed 83520K, reserved 1179648K
  class space    used 10698K, committed 11008K, reserved 1048576K
}
Event: 5.804 GC heap after
{Heap after GC invocations=26 (full 0):
 garbage-first heap   total 284672K, used 130650K [0x0000000704c00000, 0x0000000800000000)
  region size 2048K, 3 young (6144K), 3 survivors (6144K)
 Metaspace       used 82881K, committed 83520K, reserved 1179648K
  class space    used 10698K, committed 11008K, reserved 1048576K
}
Event: 5.973 GC heap before
{Heap before GC invocations=26 (full 0):
 garbage-first heap   total 284672K, used 231002K [0x0000000704c00000, 0x0000000800000000)
  region size 2048K, 52 young (106496K), 3 survivors (6144K)
 Metaspace       used 83722K, committed 84352K, reserved 1179648K
  class space    used 10810K, committed 11136K, reserved 1048576K
}
Event: 5.977 GC heap after
{Heap after GC invocations=27 (full 0):
 garbage-first heap   total 284672K, used 131892K [0x0000000704c00000, 0x0000000800000000)
  region size 2048K, 4 young (8192K), 4 survivors (8192K)
 Metaspace       used 83722K, committed 84352K, reserved 1179648K
  class space    used 10810K, committed 11136K, reserved 1048576K
}
Event: 6.156 GC heap before
{Heap before GC invocations=27 (full 0):
 garbage-first heap   total 284672K, used 234292K [0x0000000704c00000, 0x0000000800000000)
  region size 2048K, 54 young (110592K), 4 survivors (8192K)
 Metaspace       used 84597K, committed 85248K, reserved 1179648K
  class space    used 10938K, committed 11264K, reserved 1048576K
}
Event: 6.159 GC heap after
{Heap after GC invocations=28 (full 0):
 garbage-first heap   total 569344K, used 133489K [0x0000000704c00000, 0x0000000800000000)
  region size 2048K, 4 young (8192K), 4 survivors (8192K)
 Metaspace       used 84597K, committed 85248K, reserved 1179648K
  class space    used 10938K, committed 11264K, reserved 1048576K
}
Event: 6.767 GC heap before
{Heap before GC invocations=28 (full 0):
 garbage-first heap   total 569344K, used 465265K [0x0000000704c00000, 0x0000000800000000)
  region size 2048K, 166 young (339968K), 4 survivors (8192K)
 Metaspace       used 87348K, committed 88000K, reserved 1179648K
  class space    used 11315K, committed 11648K, reserved 1048576K
}
Event: 6.772 GC heap after
{Heap after GC invocations=29 (full 0):
 garbage-first heap   total 569344K, used 137920K [0x0000000704c00000, 0x0000000800000000)
  region size 2048K, 7 young (14336K), 7 survivors (14336K)
 Metaspace       used 87348K, committed 88000K, reserved 1179648K
  class space    used 11315K, committed 11648K, reserved 1048576K
}
Event: 7.327 GC heap before
{Heap before GC invocations=29 (full 0):
 garbage-first heap   total 569344K, used 463552K [0x0000000704c00000, 0x0000000800000000)
  region size 2048K, 166 young (339968K), 7 survivors (14336K)
 Metaspace       used 90094K, committed 90752K, reserved 1179648K
  class space    used 11697K, committed 12032K, reserved 1048576K
}
Event: 7.331 GC heap after
{Heap after GC invocations=30 (full 0):
 garbage-first heap   total 569344K, used 142228K [0x0000000704c00000, 0x0000000800000000)
  region size 2048K, 9 young (18432K), 9 survivors (18432K)
 Metaspace       used 90094K, committed 90752K, reserved 1179648K
  class space    used 11697K, committed 12032K, reserved 1048576K
}
Event: 7.853 GC heap before
{Heap before GC invocations=30 (full 0):
 garbage-first heap   total 569344K, used 463764K [0x0000000704c00000, 0x0000000800000000)
  region size 2048K, 166 young (339968K), 9 survivors (18432K)
 Metaspace       used 92791K, committed 93376K, reserved 1179648K
  class space    used 12072K, committed 12352K, reserved 1048576K
}
Event: 7.859 GC heap after
{Heap after GC invocations=31 (full 0):
 garbage-first heap   total 569344K, used 146006K [0x0000000704c00000, 0x0000000800000000)
  region size 2048K, 10 young (20480K), 10 survivors (20480K)
 Metaspace       used 92791K, committed 93376K, reserved 1179648K
  class space    used 12072K, committed 12352K, reserved 1048576K
}
Event: 8.374 GC heap before
{Heap before GC invocations=31 (full 0):
 garbage-first heap   total 569344K, used 465494K [0x0000000704c00000, 0x0000000800000000)
  region size 2048K, 166 young (339968K), 10 survivors (20480K)
 Metaspace       used 95415K, committed 96064K, reserved 1179648K
  class space    used 12431K, committed 12736K, reserved 1048576K
}
Event: 8.380 GC heap after
{Heap after GC invocations=32 (full 0):
 garbage-first heap   total 569344K, used 150102K [0x0000000704c00000, 0x0000000800000000)
  region size 2048K, 12 young (24576K), 12 survivors (24576K)
 Metaspace       used 95415K, committed 96064K, reserved 1179648K
  class space    used 12431K, committed 12736K, reserved 1048576K
}
Event: 8.879 GC heap before
{Heap before GC invocations=32 (full 0):
 garbage-first heap   total 569344K, used 465494K [0x0000000704c00000, 0x0000000800000000)
  region size 2048K, 166 young (339968K), 12 survivors (24576K)
 Metaspace       used 97996K, committed 98688K, reserved 1179648K
  class space    used 12784K, committed 13120K, reserved 1048576K
}
Event: 8.885 GC heap after
{Heap after GC invocations=33 (full 0):
 garbage-first heap   total 569344K, used 155168K [0x0000000704c00000, 0x0000000800000000)
  region size 2048K, 14 young (28672K), 14 survivors (28672K)
 Metaspace       used 97996K, committed 98688K, reserved 1179648K
  class space    used 12784K, committed 13120K, reserved 1048576K
}
Event: 9.561 GC heap before
{Heap before GC invocations=33 (full 0):
 garbage-first heap   total 569344K, used 466464K [0x0000000704c00000, 0x0000000800000000)
  region size 2048K, 166 young (339968K), 14 survivors (28672K)
 Metaspace       used 102407K, committed 103040K, reserved 1179648K
  class space    used 13387K, committed 13696K, reserved 1048576K
}
Event: 9.570 GC heap after
{Heap after GC invocations=34 (full 0):
 garbage-first heap   total 569344K, used 170686K [0x0000000704c00000, 0x0000000800000000)
  region size 2048K, 19 young (38912K), 19 survivors (38912K)
 Metaspace       used 102407K, committed 103040K, reserved 1179648K
  class space    used 13387K, committed 13696K, reserved 1048576K
}
Event: 10.356 GC heap before
{Heap before GC invocations=34 (full 0):
 garbage-first heap   total 569344K, used 471742K [0x0000000704c00000, 0x0000000800000000)
  region size 2048K, 166 young (339968K), 19 survivors (38912K)
 Metaspace       used 104154K, committed 104832K, reserved 1179648K
  class space    used 13672K, committed 14016K, reserved 1048576K
}

